<?xml version="1.0" encoding="UTF-8"?>
<testsuites>
  <testsuite name="" tests="52" assertions="112" errors="0" warnings="0" failures="0" skipped="0" time="0.365746">
    <testsuite name="Project Test Suite" tests="52" assertions="112" errors="0" warnings="0" failures="0" skipped="0" time="0.365746">
      <testsuite name="App\BlackJack\BlackJackTest" file="/Users/oliverroosvall/dbwebb-kurser/mvc/me/report/tests/BlackJack/BlackJackTest.php" tests="11" assertions="17" errors="0" warnings="0" failures="0" skipped="0" time="0.024999">
        <testcase name="testCreateBlackJack" class="App\BlackJack\BlackJackTest" classname="App.BlackJack.BlackJackTest" file="/Users/oliverroosvall/dbwebb-kurser/mvc/me/report/tests/BlackJack/BlackJackTest.php" line="19" assertions="2" time="0.008504"/>
        <testcase name="testHitMe" class="App\BlackJack\BlackJackTest" classname="App.BlackJack.BlackJackTest" file="/Users/oliverroosvall/dbwebb-kurser/mvc/me/report/tests/BlackJack/BlackJackTest.php" line="31" assertions="1" time="0.000361"/>
        <testcase name="testShuffle" class="App\BlackJack\BlackJackTest" classname="App.BlackJack.BlackJackTest" file="/Users/oliverroosvall/dbwebb-kurser/mvc/me/report/tests/BlackJack/BlackJackTest.php" line="37" assertions="1" time="0.000758"/>
        <testcase name="testGetDeck" class="App\BlackJack\BlackJackTest" classname="App.BlackJack.BlackJackTest" file="/Users/oliverroosvall/dbwebb-kurser/mvc/me/report/tests/BlackJack/BlackJackTest.php" line="54" assertions="2" time="0.000345"/>
        <testcase name="testGetPlayerHand" class="App\BlackJack\BlackJackTest" classname="App.BlackJack.BlackJackTest" file="/Users/oliverroosvall/dbwebb-kurser/mvc/me/report/tests/BlackJack/BlackJackTest.php" line="63" assertions="3" time="0.000384"/>
        <testcase name="testPlayerResult" class="App\BlackJack\BlackJackTest" classname="App.BlackJack.BlackJackTest" file="/Users/oliverroosvall/dbwebb-kurser/mvc/me/report/tests/BlackJack/BlackJackTest.php" line="76" assertions="2" time="0.011663"/>
        <testcase name="testBusted" class="App\BlackJack\BlackJackTest" classname="App.BlackJack.BlackJackTest" file="/Users/oliverroosvall/dbwebb-kurser/mvc/me/report/tests/BlackJack/BlackJackTest.php" line="103" assertions="1" time="0.000543"/>
        <testcase name="testDrawDealerCards" class="App\BlackJack\BlackJackTest" classname="App.BlackJack.BlackJackTest" file="/Users/oliverroosvall/dbwebb-kurser/mvc/me/report/tests/BlackJack/BlackJackTest.php" line="121" assertions="1" time="0.000675"/>
        <testcase name="testGetWinner" class="App\BlackJack\BlackJackTest" classname="App.BlackJack.BlackJackTest" file="/Users/oliverroosvall/dbwebb-kurser/mvc/me/report/tests/BlackJack/BlackJackTest.php" line="128" assertions="2" time="0.000797"/>
        <testcase name="testCreateFromJson" class="App\BlackJack\BlackJackTest" classname="App.BlackJack.BlackJackTest" file="/Users/oliverroosvall/dbwebb-kurser/mvc/me/report/tests/BlackJack/BlackJackTest.php" line="162" assertions="1" time="0.000506"/>
        <testcase name="testExportToJson" class="App\BlackJack\BlackJackTest" classname="App.BlackJack.BlackJackTest" file="/Users/oliverroosvall/dbwebb-kurser/mvc/me/report/tests/BlackJack/BlackJackTest.php" line="174" assertions="1" time="0.000463"/>
      </testsuite>
      <testsuite name="App\Card\CardGraphicTest" file="/Users/oliverroosvall/dbwebb-kurser/mvc/me/report/tests/Card/CardGraphicTest.php" tests="4" assertions="22" errors="0" warnings="0" failures="0" skipped="0" time="0.001729">
        <testcase name="testCreateCardGraphic" class="App\Card\CardGraphicTest" classname="App.Card.CardGraphicTest" file="/Users/oliverroosvall/dbwebb-kurser/mvc/me/report/tests/Card/CardGraphicTest.php" line="16" assertions="2" time="0.000597"/>
        <testcase name="testGetRaw" class="App\Card\CardGraphicTest" classname="App.Card.CardGraphicTest" file="/Users/oliverroosvall/dbwebb-kurser/mvc/me/report/tests/Card/CardGraphicTest.php" line="25" assertions="2" time="0.000539"/>
        <testcase name="testSuits" class="App\Card\CardGraphicTest" classname="App.Card.CardGraphicTest" file="/Users/oliverroosvall/dbwebb-kurser/mvc/me/report/tests/Card/CardGraphicTest.php" line="34" assertions="5" time="0.000273"/>
        <testcase name="testGetAsText" class="App\Card\CardGraphicTest" classname="App.Card.CardGraphicTest" file="/Users/oliverroosvall/dbwebb-kurser/mvc/me/report/tests/Card/CardGraphicTest.php" line="50" assertions="13" time="0.000320"/>
      </testsuite>
      <testsuite name="App\Card\CardHandTest" file="/Users/oliverroosvall/dbwebb-kurser/mvc/me/report/tests/Card/CardHandTest.php" tests="10" assertions="13" errors="0" warnings="0" failures="0" skipped="0" time="0.011608">
        <testcase name="testCreateCardHandWithArgument" class="App\Card\CardHandTest" classname="App.Card.CardHandTest" file="/Users/oliverroosvall/dbwebb-kurser/mvc/me/report/tests/Card/CardHandTest.php" line="17" assertions="1" time="0.000240"/>
        <testcase name="testAddCard" class="App\Card\CardHandTest" classname="App.Card.CardHandTest" file="/Users/oliverroosvall/dbwebb-kurser/mvc/me/report/tests/Card/CardHandTest.php" line="27" assertions="1" time="0.000271"/>
        <testcase name="testDrawCard" class="App\Card\CardHandTest" classname="App.Card.CardHandTest" file="/Users/oliverroosvall/dbwebb-kurser/mvc/me/report/tests/Card/CardHandTest.php" line="39" assertions="2" time="0.000259"/>
        <testcase name="testGetNumberCards" class="App\Card\CardHandTest" classname="App.Card.CardHandTest" file="/Users/oliverroosvall/dbwebb-kurser/mvc/me/report/tests/Card/CardHandTest.php" line="56" assertions="1" time="0.000256"/>
        <testcase name="testGetHand" class="App\Card\CardHandTest" classname="App.Card.CardHandTest" file="/Users/oliverroosvall/dbwebb-kurser/mvc/me/report/tests/Card/CardHandTest.php" line="70" assertions="1" time="0.000216"/>
        <testcase name="testGetHandSum" class="App\Card\CardHandTest" classname="App.Card.CardHandTest" file="/Users/oliverroosvall/dbwebb-kurser/mvc/me/report/tests/Card/CardHandTest.php" line="79" assertions="1" time="0.000384"/>
        <testcase name="testGetHandAsJsonWithCards" class="App\Card\CardHandTest" classname="App.Card.CardHandTest" file="/Users/oliverroosvall/dbwebb-kurser/mvc/me/report/tests/Card/CardHandTest.php" line="95" assertions="1" time="0.000295"/>
        <testcase name="testGetHandAsJsonWithEmptyHand" class="App\Card\CardHandTest" classname="App.Card.CardHandTest" file="/Users/oliverroosvall/dbwebb-kurser/mvc/me/report/tests/Card/CardHandTest.php" line="105" assertions="1" time="0.000206"/>
        <testcase name="testLoadFromJson" class="App\Card\CardHandTest" classname="App.Card.CardHandTest" file="/Users/oliverroosvall/dbwebb-kurser/mvc/me/report/tests/Card/CardHandTest.php" line="111" assertions="2" time="0.005012"/>
        <testcase name="testCreateFromJson" class="App\Card\CardHandTest" classname="App.Card.CardHandTest" file="/Users/oliverroosvall/dbwebb-kurser/mvc/me/report/tests/Card/CardHandTest.php" line="135" assertions="2" time="0.004468"/>
      </testsuite>
      <testsuite name="App\Card\CardTest" file="/Users/oliverroosvall/dbwebb-kurser/mvc/me/report/tests/Card/CardTest.php" tests="3" assertions="11" errors="0" warnings="0" failures="0" skipped="0" time="0.002428">
        <testcase name="testCreateCard" class="App\Card\CardTest" classname="App.Card.CardTest" file="/Users/oliverroosvall/dbwebb-kurser/mvc/me/report/tests/Card/CardTest.php" line="16" assertions="2" time="0.000251"/>
        <testcase name="testCreateCardWithArgument" class="App\Card\CardTest" classname="App.Card.CardTest" file="/Users/oliverroosvall/dbwebb-kurser/mvc/me/report/tests/Card/CardTest.php" line="25" assertions="2" time="0.000224"/>
        <testcase name="testPickCard" class="App\Card\CardTest" classname="App.Card.CardTest" file="/Users/oliverroosvall/dbwebb-kurser/mvc/me/report/tests/Card/CardTest.php" line="34" assertions="7" time="0.001953"/>
      </testsuite>
      <testsuite name="App\Card\CardTraitTest" file="/Users/oliverroosvall/dbwebb-kurser/mvc/me/report/tests/Card/CardTraitTest.php" tests="1" assertions="1" errors="0" warnings="0" failures="0" skipped="0" time="0.000269">
        <testcase name="testJsonFormatContainer" class="App\Card\CardTraitTest" classname="App.Card.CardTraitTest" file="/Users/oliverroosvall/dbwebb-kurser/mvc/me/report/tests/Card/CardTraitTest.php" line="15" assertions="1" time="0.000269"/>
      </testsuite>
      <testsuite name="App\Card\DeckOfCardsTest" file="/Users/oliverroosvall/dbwebb-kurser/mvc/me/report/tests/Card/DeckOfCardsTest.php" tests="10" assertions="22" errors="0" warnings="0" failures="0" skipped="0" time="0.010586">
        <testcase name="testCreateDeck" class="App\Card\DeckOfCardsTest" classname="App.Card.DeckOfCardsTest" file="/Users/oliverroosvall/dbwebb-kurser/mvc/me/report/tests/Card/DeckOfCardsTest.php" line="17" assertions="1" time="0.000352"/>
        <testcase name="testCreateDeckWithArgument" class="App\Card\DeckOfCardsTest" classname="App.Card.DeckOfCardsTest" file="/Users/oliverroosvall/dbwebb-kurser/mvc/me/report/tests/Card/DeckOfCardsTest.php" line="23" assertions="1" time="0.000325"/>
        <testcase name="testAddCard" class="App\Card\DeckOfCardsTest" classname="App.Card.DeckOfCardsTest" file="/Users/oliverroosvall/dbwebb-kurser/mvc/me/report/tests/Card/DeckOfCardsTest.php" line="32" assertions="2" time="0.000313"/>
        <testcase name="testCardsLeft" class="App\Card\DeckOfCardsTest" classname="App.Card.DeckOfCardsTest" file="/Users/oliverroosvall/dbwebb-kurser/mvc/me/report/tests/Card/DeckOfCardsTest.php" line="52" assertions="1" time="0.000252"/>
        <testcase name="testRemainingCards" class="App\Card\DeckOfCardsTest" classname="App.Card.DeckOfCardsTest" file="/Users/oliverroosvall/dbwebb-kurser/mvc/me/report/tests/Card/DeckOfCardsTest.php" line="62" assertions="1" time="0.000360"/>
        <testcase name="testSortedAndShuffled" class="App\Card\DeckOfCardsTest" classname="App.Card.DeckOfCardsTest" file="/Users/oliverroosvall/dbwebb-kurser/mvc/me/report/tests/Card/DeckOfCardsTest.php" line="88" assertions="9" time="0.001809"/>
        <testcase name="testJsonShuffledDeck" class="App\Card\DeckOfCardsTest" classname="App.Card.DeckOfCardsTest" file="/Users/oliverroosvall/dbwebb-kurser/mvc/me/report/tests/Card/DeckOfCardsTest.php" line="116" assertions="1" time="0.001804"/>
        <testcase name="testJsonRaw" class="App\Card\DeckOfCardsTest" classname="App.Card.DeckOfCardsTest" file="/Users/oliverroosvall/dbwebb-kurser/mvc/me/report/tests/Card/DeckOfCardsTest.php" line="124" assertions="1" time="0.000389"/>
        <testcase name="testJsonDeckPretty" class="App\Card\DeckOfCardsTest" classname="App.Card.DeckOfCardsTest" file="/Users/oliverroosvall/dbwebb-kurser/mvc/me/report/tests/Card/DeckOfCardsTest.php" line="131" assertions="3" time="0.000439"/>
        <testcase name="testCreateFromJson" class="App\Card\DeckOfCardsTest" classname="App.Card.DeckOfCardsTest" file="/Users/oliverroosvall/dbwebb-kurser/mvc/me/report/tests/Card/DeckOfCardsTest.php" line="144" assertions="2" time="0.004543"/>
      </testsuite>
      <testsuite name="App\Tests\Controller\BlackJackControllerTest" file="/Users/oliverroosvall/dbwebb-kurser/mvc/me/report/tests/Controller/BlackJackControllerTest.php" tests="3" assertions="6" errors="0" warnings="0" failures="0" skipped="0" time="0.308852">
        <testcase name="testSomething" class="App\Tests\Controller\BlackJackControllerTest" classname="App.Tests.Controller.BlackJackControllerTest" file="/Users/oliverroosvall/dbwebb-kurser/mvc/me/report/tests/Controller/BlackJackControllerTest.php" line="21" assertions="2" time="0.288224"/>
        <testcase name="testPlayBlackJackRedirectsWhenNoGameInSession" class="App\Tests\Controller\BlackJackControllerTest" classname="App.Tests.Controller.BlackJackControllerTest" file="/Users/oliverroosvall/dbwebb-kurser/mvc/me/report/tests/Controller/BlackJackControllerTest.php" line="32" assertions="2" time="0.015534"/>
        <testcase name="testHitMe" class="App\Tests\Controller\BlackJackControllerTest" classname="App.Tests.Controller.BlackJackControllerTest" file="/Users/oliverroosvall/dbwebb-kurser/mvc/me/report/tests/Controller/BlackJackControllerTest.php" line="43" assertions="2" time="0.005094"/>
      </testsuite>
      <testsuite name="App\Dice\DiceGraphicTest" file="/Users/oliverroosvall/dbwebb-kurser/mvc/me/report/tests/Dice/DiceGraphicTest.php" tests="2" assertions="4" errors="0" warnings="0" failures="0" skipped="0" time="0.001763">
        <testcase name="testCreateDiceGraphic" class="App\Dice\DiceGraphicTest" classname="App.Dice.DiceGraphicTest" file="/Users/oliverroosvall/dbwebb-kurser/mvc/me/report/tests/Dice/DiceGraphicTest.php" line="16" assertions="2" time="0.001460"/>
        <testcase name="testGetDiceGraphicAsString" class="App\Dice\DiceGraphicTest" classname="App.Dice.DiceGraphicTest" file="/Users/oliverroosvall/dbwebb-kurser/mvc/me/report/tests/Dice/DiceGraphicTest.php" line="27" assertions="2" time="0.000303"/>
      </testsuite>
      <testsuite name="App\Dice\DiceHandTest" file="/Users/oliverroosvall/dbwebb-kurser/mvc/me/report/tests/Dice/DiceHandTest.php" tests="4" assertions="4" errors="0" warnings="0" failures="0" skipped="0" time="0.002329">
        <testcase name="testAddStubbedDices" class="App\Dice\DiceHandTest" classname="App.Dice.DiceHandTest" file="/Users/oliverroosvall/dbwebb-kurser/mvc/me/report/tests/Dice/DiceHandTest.php" line="15" assertions="1" time="0.001292"/>
        <testcase name="testGetNumberDices" class="App\Dice\DiceHandTest" classname="App.Dice.DiceHandTest" file="/Users/oliverroosvall/dbwebb-kurser/mvc/me/report/tests/Dice/DiceHandTest.php" line="34" assertions="1" time="0.000333"/>
        <testcase name="testGetValues" class="App\Dice\DiceHandTest" classname="App.Dice.DiceHandTest" file="/Users/oliverroosvall/dbwebb-kurser/mvc/me/report/tests/Dice/DiceHandTest.php" line="51" assertions="1" time="0.000340"/>
        <testcase name="testGetString" class="App\Dice\DiceHandTest" classname="App.Dice.DiceHandTest" file="/Users/oliverroosvall/dbwebb-kurser/mvc/me/report/tests/Dice/DiceHandTest.php" line="71" assertions="1" time="0.000365"/>
      </testsuite>
      <testsuite name="App\Dice\DiceTest" file="/Users/oliverroosvall/dbwebb-kurser/mvc/me/report/tests/Dice/DiceTest.php" tests="4" assertions="12" errors="0" warnings="0" failures="0" skipped="0" time="0.001183">
        <testcase name="testCreateDice" class="App\Dice\DiceTest" classname="App.Dice.DiceTest" file="/Users/oliverroosvall/dbwebb-kurser/mvc/me/report/tests/Dice/DiceTest.php" line="16" assertions="2" time="0.000231"/>
        <testcase name="testStubRollDiceLastRoll" class="App\Dice\DiceTest" classname="App.Dice.DiceTest" file="/Users/oliverroosvall/dbwebb-kurser/mvc/me/report/tests/Dice/DiceTest.php" line="28" assertions="1" time="0.000315"/>
        <testcase name="testRoll" class="App\Dice\DiceTest" classname="App.Dice.DiceTest" file="/Users/oliverroosvall/dbwebb-kurser/mvc/me/report/tests/Dice/DiceTest.php" line="46" assertions="5" time="0.000344"/>
        <testcase name="testGetValue" class="App\Dice\DiceTest" classname="App.Dice.DiceTest" file="/Users/oliverroosvall/dbwebb-kurser/mvc/me/report/tests/Dice/DiceTest.php" line="71" assertions="4" time="0.000293"/>
      </testsuite>
    </testsuite>
  </testsuite>
</testsuites>
