<?xml version="1.0" encoding="UTF-8"?>
<testsuites>
  <testsuite name="" tests="70" assertions="135" errors="0" warnings="0" failures="0" skipped="0" time="0.149098">
    <testsuite name="Project Test Suite" tests="70" assertions="135" errors="0" warnings="0" failures="0" skipped="0" time="0.149098">
      <testsuite name="App\BlackJack\BlackJackTest" file="/Users/oliverroosvall/dbwebb-kurser/mvc/me/report/tests/BlackJack/BlackJackTest.php" tests="11" assertions="17" errors="0" warnings="0" failures="0" skipped="0" time="0.025541">
        <testcase name="testCreateBlackJack" class="App\BlackJack\BlackJackTest" classname="App.BlackJack.BlackJackTest" file="/Users/oliverroosvall/dbwebb-kurser/mvc/me/report/tests/BlackJack/BlackJackTest.php" line="19" assertions="2" time="0.008791"/>
        <testcase name="testHitMe" class="App\BlackJack\BlackJackTest" classname="App.BlackJack.BlackJackTest" file="/Users/oliverroosvall/dbwebb-kurser/mvc/me/report/tests/BlackJack/BlackJackTest.php" line="31" assertions="1" time="0.000399"/>
        <testcase name="testShuffle" class="App\BlackJack\BlackJackTest" classname="App.BlackJack.BlackJackTest" file="/Users/oliverroosvall/dbwebb-kurser/mvc/me/report/tests/BlackJack/BlackJackTest.php" line="37" assertions="1" time="0.000764"/>
        <testcase name="testGetDeck" class="App\BlackJack\BlackJackTest" classname="App.BlackJack.BlackJackTest" file="/Users/oliverroosvall/dbwebb-kurser/mvc/me/report/tests/BlackJack/BlackJackTest.php" line="54" assertions="2" time="0.000349"/>
        <testcase name="testGetPlayerHand" class="App\BlackJack\BlackJackTest" classname="App.BlackJack.BlackJackTest" file="/Users/oliverroosvall/dbwebb-kurser/mvc/me/report/tests/BlackJack/BlackJackTest.php" line="63" assertions="3" time="0.000354"/>
        <testcase name="testPlayerResult" class="App\BlackJack\BlackJackTest" classname="App.BlackJack.BlackJackTest" file="/Users/oliverroosvall/dbwebb-kurser/mvc/me/report/tests/BlackJack/BlackJackTest.php" line="76" assertions="2" time="0.011783"/>
        <testcase name="testBusted" class="App\BlackJack\BlackJackTest" classname="App.BlackJack.BlackJackTest" file="/Users/oliverroosvall/dbwebb-kurser/mvc/me/report/tests/BlackJack/BlackJackTest.php" line="103" assertions="1" time="0.000556"/>
        <testcase name="testDrawDealerCards" class="App\BlackJack\BlackJackTest" classname="App.BlackJack.BlackJackTest" file="/Users/oliverroosvall/dbwebb-kurser/mvc/me/report/tests/BlackJack/BlackJackTest.php" line="121" assertions="1" time="0.000676"/>
        <testcase name="testGetWinner" class="App\BlackJack\BlackJackTest" classname="App.BlackJack.BlackJackTest" file="/Users/oliverroosvall/dbwebb-kurser/mvc/me/report/tests/BlackJack/BlackJackTest.php" line="128" assertions="2" time="0.000798"/>
        <testcase name="testCreateFromJson" class="App\BlackJack\BlackJackTest" classname="App.BlackJack.BlackJackTest" file="/Users/oliverroosvall/dbwebb-kurser/mvc/me/report/tests/BlackJack/BlackJackTest.php" line="162" assertions="1" time="0.000529"/>
        <testcase name="testExportToJson" class="App\BlackJack\BlackJackTest" classname="App.BlackJack.BlackJackTest" file="/Users/oliverroosvall/dbwebb-kurser/mvc/me/report/tests/BlackJack/BlackJackTest.php" line="174" assertions="1" time="0.000542"/>
      </testsuite>
      <testsuite name="App\Card\CardGraphicTest" file="/Users/oliverroosvall/dbwebb-kurser/mvc/me/report/tests/Card/CardGraphicTest.php" tests="4" assertions="22" errors="0" warnings="0" failures="0" skipped="0" time="0.001800">
        <testcase name="testCreateCardGraphic" class="App\Card\CardGraphicTest" classname="App.Card.CardGraphicTest" file="/Users/oliverroosvall/dbwebb-kurser/mvc/me/report/tests/Card/CardGraphicTest.php" line="16" assertions="2" time="0.000609"/>
        <testcase name="testGetRaw" class="App\Card\CardGraphicTest" classname="App.Card.CardGraphicTest" file="/Users/oliverroosvall/dbwebb-kurser/mvc/me/report/tests/Card/CardGraphicTest.php" line="25" assertions="2" time="0.000623"/>
        <testcase name="testSuits" class="App\Card\CardGraphicTest" classname="App.Card.CardGraphicTest" file="/Users/oliverroosvall/dbwebb-kurser/mvc/me/report/tests/Card/CardGraphicTest.php" line="34" assertions="5" time="0.000271"/>
        <testcase name="testGetAsText" class="App\Card\CardGraphicTest" classname="App.Card.CardGraphicTest" file="/Users/oliverroosvall/dbwebb-kurser/mvc/me/report/tests/Card/CardGraphicTest.php" line="50" assertions="13" time="0.000298"/>
      </testsuite>
      <testsuite name="App\Card\CardHandTest" file="/Users/oliverroosvall/dbwebb-kurser/mvc/me/report/tests/Card/CardHandTest.php" tests="10" assertions="13" errors="0" warnings="0" failures="0" skipped="0" time="0.013137">
        <testcase name="testCreateCardHandWithArgument" class="App\Card\CardHandTest" classname="App.Card.CardHandTest" file="/Users/oliverroosvall/dbwebb-kurser/mvc/me/report/tests/Card/CardHandTest.php" line="17" assertions="1" time="0.000240"/>
        <testcase name="testAddCard" class="App\Card\CardHandTest" classname="App.Card.CardHandTest" file="/Users/oliverroosvall/dbwebb-kurser/mvc/me/report/tests/Card/CardHandTest.php" line="27" assertions="1" time="0.000262"/>
        <testcase name="testDrawCard" class="App\Card\CardHandTest" classname="App.Card.CardHandTest" file="/Users/oliverroosvall/dbwebb-kurser/mvc/me/report/tests/Card/CardHandTest.php" line="39" assertions="2" time="0.000237"/>
        <testcase name="testGetNumberCards" class="App\Card\CardHandTest" classname="App.Card.CardHandTest" file="/Users/oliverroosvall/dbwebb-kurser/mvc/me/report/tests/Card/CardHandTest.php" line="56" assertions="1" time="0.000247"/>
        <testcase name="testGetHand" class="App\Card\CardHandTest" classname="App.Card.CardHandTest" file="/Users/oliverroosvall/dbwebb-kurser/mvc/me/report/tests/Card/CardHandTest.php" line="70" assertions="1" time="0.000208"/>
        <testcase name="testGetHandSum" class="App\Card\CardHandTest" classname="App.Card.CardHandTest" file="/Users/oliverroosvall/dbwebb-kurser/mvc/me/report/tests/Card/CardHandTest.php" line="79" assertions="1" time="0.000260"/>
        <testcase name="testGetHandAsJsonWithCards" class="App\Card\CardHandTest" classname="App.Card.CardHandTest" file="/Users/oliverroosvall/dbwebb-kurser/mvc/me/report/tests/Card/CardHandTest.php" line="95" assertions="1" time="0.000254"/>
        <testcase name="testGetHandAsJsonWithEmptyHand" class="App\Card\CardHandTest" classname="App.Card.CardHandTest" file="/Users/oliverroosvall/dbwebb-kurser/mvc/me/report/tests/Card/CardHandTest.php" line="105" assertions="1" time="0.000218"/>
        <testcase name="testLoadFromJson" class="App\Card\CardHandTest" classname="App.Card.CardHandTest" file="/Users/oliverroosvall/dbwebb-kurser/mvc/me/report/tests/Card/CardHandTest.php" line="111" assertions="2" time="0.005837"/>
        <testcase name="testCreateFromJson" class="App\Card\CardHandTest" classname="App.Card.CardHandTest" file="/Users/oliverroosvall/dbwebb-kurser/mvc/me/report/tests/Card/CardHandTest.php" line="135" assertions="2" time="0.005374"/>
      </testsuite>
      <testsuite name="App\Card\CardTest" file="/Users/oliverroosvall/dbwebb-kurser/mvc/me/report/tests/Card/CardTest.php" tests="3" assertions="11" errors="0" warnings="0" failures="0" skipped="0" time="0.002551">
        <testcase name="testCreateCard" class="App\Card\CardTest" classname="App.Card.CardTest" file="/Users/oliverroosvall/dbwebb-kurser/mvc/me/report/tests/Card/CardTest.php" line="16" assertions="2" time="0.000255"/>
        <testcase name="testCreateCardWithArgument" class="App\Card\CardTest" classname="App.Card.CardTest" file="/Users/oliverroosvall/dbwebb-kurser/mvc/me/report/tests/Card/CardTest.php" line="25" assertions="2" time="0.000214"/>
        <testcase name="testPickCard" class="App\Card\CardTest" classname="App.Card.CardTest" file="/Users/oliverroosvall/dbwebb-kurser/mvc/me/report/tests/Card/CardTest.php" line="34" assertions="7" time="0.002082"/>
      </testsuite>
      <testsuite name="App\Card\CardTraitTest" file="/Users/oliverroosvall/dbwebb-kurser/mvc/me/report/tests/Card/CardTraitTest.php" tests="1" assertions="1" errors="0" warnings="0" failures="0" skipped="0" time="0.000356">
        <testcase name="testJsonFormatContainer" class="App\Card\CardTraitTest" classname="App.Card.CardTraitTest" file="/Users/oliverroosvall/dbwebb-kurser/mvc/me/report/tests/Card/CardTraitTest.php" line="15" assertions="1" time="0.000356"/>
      </testsuite>
      <testsuite name="App\Card\DeckOfCardsTest" file="/Users/oliverroosvall/dbwebb-kurser/mvc/me/report/tests/Card/DeckOfCardsTest.php" tests="10" assertions="22" errors="0" warnings="0" failures="0" skipped="0" time="0.010831">
        <testcase name="testCreateDeck" class="App\Card\DeckOfCardsTest" classname="App.Card.DeckOfCardsTest" file="/Users/oliverroosvall/dbwebb-kurser/mvc/me/report/tests/Card/DeckOfCardsTest.php" line="17" assertions="1" time="0.000368"/>
        <testcase name="testCreateDeckWithArgument" class="App\Card\DeckOfCardsTest" classname="App.Card.DeckOfCardsTest" file="/Users/oliverroosvall/dbwebb-kurser/mvc/me/report/tests/Card/DeckOfCardsTest.php" line="23" assertions="1" time="0.000235"/>
        <testcase name="testAddCard" class="App\Card\DeckOfCardsTest" classname="App.Card.DeckOfCardsTest" file="/Users/oliverroosvall/dbwebb-kurser/mvc/me/report/tests/Card/DeckOfCardsTest.php" line="32" assertions="2" time="0.000262"/>
        <testcase name="testCardsLeft" class="App\Card\DeckOfCardsTest" classname="App.Card.DeckOfCardsTest" file="/Users/oliverroosvall/dbwebb-kurser/mvc/me/report/tests/Card/DeckOfCardsTest.php" line="52" assertions="1" time="0.000232"/>
        <testcase name="testRemainingCards" class="App\Card\DeckOfCardsTest" classname="App.Card.DeckOfCardsTest" file="/Users/oliverroosvall/dbwebb-kurser/mvc/me/report/tests/Card/DeckOfCardsTest.php" line="62" assertions="1" time="0.000267"/>
        <testcase name="testSortedAndShuffled" class="App\Card\DeckOfCardsTest" classname="App.Card.DeckOfCardsTest" file="/Users/oliverroosvall/dbwebb-kurser/mvc/me/report/tests/Card/DeckOfCardsTest.php" line="88" assertions="9" time="0.001776"/>
        <testcase name="testJsonShuffledDeck" class="App\Card\DeckOfCardsTest" classname="App.Card.DeckOfCardsTest" file="/Users/oliverroosvall/dbwebb-kurser/mvc/me/report/tests/Card/DeckOfCardsTest.php" line="116" assertions="1" time="0.002055"/>
        <testcase name="testJsonRaw" class="App\Card\DeckOfCardsTest" classname="App.Card.DeckOfCardsTest" file="/Users/oliverroosvall/dbwebb-kurser/mvc/me/report/tests/Card/DeckOfCardsTest.php" line="124" assertions="1" time="0.000511"/>
        <testcase name="testJsonDeckPretty" class="App\Card\DeckOfCardsTest" classname="App.Card.DeckOfCardsTest" file="/Users/oliverroosvall/dbwebb-kurser/mvc/me/report/tests/Card/DeckOfCardsTest.php" line="131" assertions="3" time="0.000497"/>
        <testcase name="testCreateFromJson" class="App\Card\DeckOfCardsTest" classname="App.Card.DeckOfCardsTest" file="/Users/oliverroosvall/dbwebb-kurser/mvc/me/report/tests/Card/DeckOfCardsTest.php" line="144" assertions="2" time="0.004628"/>
      </testsuite>
      <testsuite name="App\Dice\DiceGraphicTest" file="/Users/oliverroosvall/dbwebb-kurser/mvc/me/report/tests/Dice/DiceGraphicTest.php" tests="2" assertions="4" errors="0" warnings="0" failures="0" skipped="0" time="0.002525">
        <testcase name="testCreateDiceGraphic" class="App\Dice\DiceGraphicTest" classname="App.Dice.DiceGraphicTest" file="/Users/oliverroosvall/dbwebb-kurser/mvc/me/report/tests/Dice/DiceGraphicTest.php" line="16" assertions="2" time="0.002260"/>
        <testcase name="testGetDiceGraphicAsString" class="App\Dice\DiceGraphicTest" classname="App.Dice.DiceGraphicTest" file="/Users/oliverroosvall/dbwebb-kurser/mvc/me/report/tests/Dice/DiceGraphicTest.php" line="27" assertions="2" time="0.000265"/>
      </testsuite>
      <testsuite name="App\Dice\DiceHandTest" file="/Users/oliverroosvall/dbwebb-kurser/mvc/me/report/tests/Dice/DiceHandTest.php" tests="4" assertions="4" errors="0" warnings="0" failures="0" skipped="0" time="0.002668">
        <testcase name="testAddStubbedDices" class="App\Dice\DiceHandTest" classname="App.Dice.DiceHandTest" file="/Users/oliverroosvall/dbwebb-kurser/mvc/me/report/tests/Dice/DiceHandTest.php" line="15" assertions="1" time="0.001561"/>
        <testcase name="testGetNumberDices" class="App\Dice\DiceHandTest" classname="App.Dice.DiceHandTest" file="/Users/oliverroosvall/dbwebb-kurser/mvc/me/report/tests/Dice/DiceHandTest.php" line="34" assertions="1" time="0.000376"/>
        <testcase name="testGetValues" class="App\Dice\DiceHandTest" classname="App.Dice.DiceHandTest" file="/Users/oliverroosvall/dbwebb-kurser/mvc/me/report/tests/Dice/DiceHandTest.php" line="51" assertions="1" time="0.000348"/>
        <testcase name="testGetString" class="App\Dice\DiceHandTest" classname="App.Dice.DiceHandTest" file="/Users/oliverroosvall/dbwebb-kurser/mvc/me/report/tests/Dice/DiceHandTest.php" line="71" assertions="1" time="0.000383"/>
      </testsuite>
      <testsuite name="App\Dice\DiceTest" file="/Users/oliverroosvall/dbwebb-kurser/mvc/me/report/tests/Dice/DiceTest.php" tests="4" assertions="12" errors="0" warnings="0" failures="0" skipped="0" time="0.001194">
        <testcase name="testCreateDice" class="App\Dice\DiceTest" classname="App.Dice.DiceTest" file="/Users/oliverroosvall/dbwebb-kurser/mvc/me/report/tests/Dice/DiceTest.php" line="16" assertions="2" time="0.000246"/>
        <testcase name="testStubRollDiceLastRoll" class="App\Dice\DiceTest" classname="App.Dice.DiceTest" file="/Users/oliverroosvall/dbwebb-kurser/mvc/me/report/tests/Dice/DiceTest.php" line="28" assertions="1" time="0.000318"/>
        <testcase name="testRoll" class="App\Dice\DiceTest" classname="App.Dice.DiceTest" file="/Users/oliverroosvall/dbwebb-kurser/mvc/me/report/tests/Dice/DiceTest.php" line="46" assertions="5" time="0.000321"/>
        <testcase name="testGetValue" class="App\Dice\DiceTest" classname="App.Dice.DiceTest" file="/Users/oliverroosvall/dbwebb-kurser/mvc/me/report/tests/Dice/DiceTest.php" line="71" assertions="4" time="0.000309"/>
      </testsuite>
      <testsuite name="BookTest" file="/Users/oliverroosvall/dbwebb-kurser/mvc/me/report/tests/Entity/BookTest.php" tests="2" assertions="5" errors="0" warnings="0" failures="0" skipped="0" time="0.001382">
        <testcase name="testGettersAndSetters" class="BookTest" classname="BookTest" file="/Users/oliverroosvall/dbwebb-kurser/mvc/me/report/tests/Entity/BookTest.php" line="8" assertions="4" time="0.001140"/>
        <testcase name="testId" class="BookTest" classname="BookTest" file="/Users/oliverroosvall/dbwebb-kurser/mvc/me/report/tests/Entity/BookTest.php" line="29" assertions="1" time="0.000241"/>
      </testsuite>
      <testsuite name="ForestryTest" file="/Users/oliverroosvall/dbwebb-kurser/mvc/me/report/tests/Entity/ForestryTest.php" tests="6" assertions="7" errors="0" warnings="0" failures="0" skipped="0" time="0.002285">
        <testcase name="testGetAndSetYear" class="ForestryTest" classname="ForestryTest" file="/Users/oliverroosvall/dbwebb-kurser/mvc/me/report/tests/Entity/ForestryTest.php" line="8" assertions="1" time="0.001160"/>
        <testcase name="testGetAndSetHansynskravandeBiotoper" class="ForestryTest" classname="ForestryTest" file="/Users/oliverroosvall/dbwebb-kurser/mvc/me/report/tests/Entity/ForestryTest.php" line="17" assertions="1" time="0.000257"/>
        <testcase name="testGetAndSetSkyddszoner" class="ForestryTest" classname="ForestryTest" file="/Users/oliverroosvall/dbwebb-kurser/mvc/me/report/tests/Entity/ForestryTest.php" line="26" assertions="1" time="0.000216"/>
        <testcase name="testGetAndSetUpplevelsevarden" class="ForestryTest" classname="ForestryTest" file="/Users/oliverroosvall/dbwebb-kurser/mvc/me/report/tests/Entity/ForestryTest.php" line="35" assertions="1" time="0.000224"/>
        <testcase name="testGetAndSetTransportOverVattendrag" class="ForestryTest" classname="ForestryTest" file="/Users/oliverroosvall/dbwebb-kurser/mvc/me/report/tests/Entity/ForestryTest.php" line="44" assertions="1" time="0.000211"/>
        <testcase name="testGetAndSetKulturmiljoer" class="ForestryTest" classname="ForestryTest" file="/Users/oliverroosvall/dbwebb-kurser/mvc/me/report/tests/Entity/ForestryTest.php" line="53" assertions="2" time="0.000216"/>
      </testsuite>
      <testsuite name="LibraryTest" file="/Users/oliverroosvall/dbwebb-kurser/mvc/me/report/tests/Entity/LibraryTest.php" tests="2" assertions="6" errors="0" warnings="0" failures="0" skipped="0" time="0.001065">
        <testcase name="testGettersAndSetters" class="LibraryTest" classname="LibraryTest" file="/Users/oliverroosvall/dbwebb-kurser/mvc/me/report/tests/Entity/LibraryTest.php" line="8" assertions="5" time="0.000833"/>
        <testcase name="testId" class="LibraryTest" classname="LibraryTest" file="/Users/oliverroosvall/dbwebb-kurser/mvc/me/report/tests/Entity/LibraryTest.php" line="34" assertions="1" time="0.000232"/>
      </testsuite>
      <testsuite name="RedlistedTest" file="/Users/oliverroosvall/dbwebb-kurser/mvc/me/report/tests/Entity/RedlistedTest.php" tests="9" assertions="9" errors="0" warnings="0" failures="0" skipped="0" time="0.002722">
        <testcase name="testGetAndSetYear" class="RedlistedTest" classname="RedlistedTest" file="/Users/oliverroosvall/dbwebb-kurser/mvc/me/report/tests/Entity/RedlistedTest.php" line="8" assertions="1" time="0.000986"/>
        <testcase name="testGetAndSetFiskar" class="RedlistedTest" classname="RedlistedTest" file="/Users/oliverroosvall/dbwebb-kurser/mvc/me/report/tests/Entity/RedlistedTest.php" line="17" assertions="1" time="0.000232"/>
        <testcase name="testGetAndSetKarlvaxter" class="RedlistedTest" classname="RedlistedTest" file="/Users/oliverroosvall/dbwebb-kurser/mvc/me/report/tests/Entity/RedlistedTest.php" line="26" assertions="1" time="0.000213"/>
        <testcase name="testGetAndSetStorfjarilar" class="RedlistedTest" classname="RedlistedTest" file="/Users/oliverroosvall/dbwebb-kurser/mvc/me/report/tests/Entity/RedlistedTest.php" line="35" assertions="1" time="0.000208"/>
        <testcase name="testGetAndSetGrodOchKraldjur" class="RedlistedTest" classname="RedlistedTest" file="/Users/oliverroosvall/dbwebb-kurser/mvc/me/report/tests/Entity/RedlistedTest.php" line="44" assertions="1" time="0.000219"/>
        <testcase name="testGetAndSetBin" class="RedlistedTest" classname="RedlistedTest" file="/Users/oliverroosvall/dbwebb-kurser/mvc/me/report/tests/Entity/RedlistedTest.php" line="53" assertions="1" time="0.000214"/>
        <testcase name="testGetAndSetMossor" class="RedlistedTest" classname="RedlistedTest" file="/Users/oliverroosvall/dbwebb-kurser/mvc/me/report/tests/Entity/RedlistedTest.php" line="62" assertions="1" time="0.000208"/>
        <testcase name="testGetAndSetFaglar" class="RedlistedTest" classname="RedlistedTest" file="/Users/oliverroosvall/dbwebb-kurser/mvc/me/report/tests/Entity/RedlistedTest.php" line="71" assertions="1" time="0.000229"/>
        <testcase name="testGetAndSetDaggdjur" class="RedlistedTest" classname="RedlistedTest" file="/Users/oliverroosvall/dbwebb-kurser/mvc/me/report/tests/Entity/RedlistedTest.php" line="80" assertions="1" time="0.000212"/>
      </testsuite>
      <testsuite name="BookRepositoryTest" file="/Users/oliverroosvall/dbwebb-kurser/mvc/me/report/tests/Repository/BookRepositoryTest.php" tests="1" assertions="1" errors="0" warnings="0" failures="0" skipped="0" time="0.079851">
        <testcase name="testConstruct" class="BookRepositoryTest" classname="BookRepositoryTest" file="/Users/oliverroosvall/dbwebb-kurser/mvc/me/report/tests/Repository/BookRepositoryTest.php" line="29" assertions="1" time="0.079851"/>
      </testsuite>
      <testsuite name="LibraryRepositoryTest" file="/Users/oliverroosvall/dbwebb-kurser/mvc/me/report/tests/Repository/LibraryRepositoryTest.php" tests="1" assertions="1" errors="0" warnings="0" failures="0" skipped="0" time="0.001190">
        <testcase name="testConstruct" class="LibraryRepositoryTest" classname="LibraryRepositoryTest" file="/Users/oliverroosvall/dbwebb-kurser/mvc/me/report/tests/Repository/LibraryRepositoryTest.php" line="21" assertions="1" time="0.001190"/>
      </testsuite>
    </testsuite>
  </testsuite>
</testsuites>
