<?xml version="1.0" encoding="UTF-8"?>
<testsuites>
  <testsuite name="" tests="49" assertions="106" errors="0" warnings="0" failures="0" skipped="0" time="0.054988">
    <testsuite name="Project Test Suite" tests="49" assertions="106" errors="0" warnings="0" failures="0" skipped="0" time="0.054988">
      <testsuite name="App\BlackJack\BlackJackTest" file="/Users/oliverroosvall/dbwebb-kurser/mvc/me/report/tests/BlackJack/BlackJackTest.php" tests="11" assertions="17" errors="0" warnings="0" failures="0" skipped="0" time="0.023476">
        <testcase name="testCreateBlackJack" class="App\BlackJack\BlackJackTest" classname="App.BlackJack.BlackJackTest" file="/Users/oliverroosvall/dbwebb-kurser/mvc/me/report/tests/BlackJack/BlackJackTest.php" line="19" assertions="2" time="0.006683"/>
        <testcase name="testHitMe" class="App\BlackJack\BlackJackTest" classname="App.BlackJack.BlackJackTest" file="/Users/oliverroosvall/dbwebb-kurser/mvc/me/report/tests/BlackJack/BlackJackTest.php" line="31" assertions="1" time="0.000408"/>
        <testcase name="testShuffle" class="App\BlackJack\BlackJackTest" classname="App.BlackJack.BlackJackTest" file="/Users/oliverroosvall/dbwebb-kurser/mvc/me/report/tests/BlackJack/BlackJackTest.php" line="37" assertions="1" time="0.000733"/>
        <testcase name="testGetDeck" class="App\BlackJack\BlackJackTest" classname="App.BlackJack.BlackJackTest" file="/Users/oliverroosvall/dbwebb-kurser/mvc/me/report/tests/BlackJack/BlackJackTest.php" line="54" assertions="2" time="0.000347"/>
        <testcase name="testGetPlayerHand" class="App\BlackJack\BlackJackTest" classname="App.BlackJack.BlackJackTest" file="/Users/oliverroosvall/dbwebb-kurser/mvc/me/report/tests/BlackJack/BlackJackTest.php" line="63" assertions="3" time="0.000351"/>
        <testcase name="testPlayerResult" class="App\BlackJack\BlackJackTest" classname="App.BlackJack.BlackJackTest" file="/Users/oliverroosvall/dbwebb-kurser/mvc/me/report/tests/BlackJack/BlackJackTest.php" line="76" assertions="2" time="0.011762"/>
        <testcase name="testBusted" class="App\BlackJack\BlackJackTest" classname="App.BlackJack.BlackJackTest" file="/Users/oliverroosvall/dbwebb-kurser/mvc/me/report/tests/BlackJack/BlackJackTest.php" line="103" assertions="1" time="0.000608"/>
        <testcase name="testDrawDealerCards" class="App\BlackJack\BlackJackTest" classname="App.BlackJack.BlackJackTest" file="/Users/oliverroosvall/dbwebb-kurser/mvc/me/report/tests/BlackJack/BlackJackTest.php" line="121" assertions="1" time="0.000746"/>
        <testcase name="testGetWinner" class="App\BlackJack\BlackJackTest" classname="App.BlackJack.BlackJackTest" file="/Users/oliverroosvall/dbwebb-kurser/mvc/me/report/tests/BlackJack/BlackJackTest.php" line="128" assertions="2" time="0.000838"/>
        <testcase name="testCreateFromJson" class="App\BlackJack\BlackJackTest" classname="App.BlackJack.BlackJackTest" file="/Users/oliverroosvall/dbwebb-kurser/mvc/me/report/tests/BlackJack/BlackJackTest.php" line="162" assertions="1" time="0.000538"/>
        <testcase name="testExportToJson" class="App\BlackJack\BlackJackTest" classname="App.BlackJack.BlackJackTest" file="/Users/oliverroosvall/dbwebb-kurser/mvc/me/report/tests/BlackJack/BlackJackTest.php" line="174" assertions="1" time="0.000462"/>
      </testsuite>
      <testsuite name="App\Card\CardGraphicTest" file="/Users/oliverroosvall/dbwebb-kurser/mvc/me/report/tests/Card/CardGraphicTest.php" tests="4" assertions="22" errors="0" warnings="0" failures="0" skipped="0" time="0.002012">
        <testcase name="testCreateCardGraphic" class="App\Card\CardGraphicTest" classname="App.Card.CardGraphicTest" file="/Users/oliverroosvall/dbwebb-kurser/mvc/me/report/tests/Card/CardGraphicTest.php" line="16" assertions="2" time="0.000718"/>
        <testcase name="testGetRaw" class="App\Card\CardGraphicTest" classname="App.Card.CardGraphicTest" file="/Users/oliverroosvall/dbwebb-kurser/mvc/me/report/tests/Card/CardGraphicTest.php" line="25" assertions="2" time="0.000711"/>
        <testcase name="testSuits" class="App\Card\CardGraphicTest" classname="App.Card.CardGraphicTest" file="/Users/oliverroosvall/dbwebb-kurser/mvc/me/report/tests/Card/CardGraphicTest.php" line="34" assertions="5" time="0.000283"/>
        <testcase name="testGetAsText" class="App\Card\CardGraphicTest" classname="App.Card.CardGraphicTest" file="/Users/oliverroosvall/dbwebb-kurser/mvc/me/report/tests/Card/CardGraphicTest.php" line="50" assertions="13" time="0.000300"/>
      </testsuite>
      <testsuite name="App\Card\CardHandTest" file="/Users/oliverroosvall/dbwebb-kurser/mvc/me/report/tests/Card/CardHandTest.php" tests="10" assertions="13" errors="0" warnings="0" failures="0" skipped="0" time="0.011551">
        <testcase name="testCreateCardHandWithArgument" class="App\Card\CardHandTest" classname="App.Card.CardHandTest" file="/Users/oliverroosvall/dbwebb-kurser/mvc/me/report/tests/Card/CardHandTest.php" line="17" assertions="1" time="0.000233"/>
        <testcase name="testAddCard" class="App\Card\CardHandTest" classname="App.Card.CardHandTest" file="/Users/oliverroosvall/dbwebb-kurser/mvc/me/report/tests/Card/CardHandTest.php" line="27" assertions="1" time="0.000227"/>
        <testcase name="testDrawCard" class="App\Card\CardHandTest" classname="App.Card.CardHandTest" file="/Users/oliverroosvall/dbwebb-kurser/mvc/me/report/tests/Card/CardHandTest.php" line="39" assertions="2" time="0.000233"/>
        <testcase name="testGetNumberCards" class="App\Card\CardHandTest" classname="App.Card.CardHandTest" file="/Users/oliverroosvall/dbwebb-kurser/mvc/me/report/tests/Card/CardHandTest.php" line="56" assertions="1" time="0.000244"/>
        <testcase name="testGetHand" class="App\Card\CardHandTest" classname="App.Card.CardHandTest" file="/Users/oliverroosvall/dbwebb-kurser/mvc/me/report/tests/Card/CardHandTest.php" line="70" assertions="1" time="0.000227"/>
        <testcase name="testGetHandSum" class="App\Card\CardHandTest" classname="App.Card.CardHandTest" file="/Users/oliverroosvall/dbwebb-kurser/mvc/me/report/tests/Card/CardHandTest.php" line="79" assertions="1" time="0.000304"/>
        <testcase name="testGetHandAsJsonWithCards" class="App\Card\CardHandTest" classname="App.Card.CardHandTest" file="/Users/oliverroosvall/dbwebb-kurser/mvc/me/report/tests/Card/CardHandTest.php" line="95" assertions="1" time="0.000271"/>
        <testcase name="testGetHandAsJsonWithEmptyHand" class="App\Card\CardHandTest" classname="App.Card.CardHandTest" file="/Users/oliverroosvall/dbwebb-kurser/mvc/me/report/tests/Card/CardHandTest.php" line="105" assertions="1" time="0.000205"/>
        <testcase name="testLoadFromJson" class="App\Card\CardHandTest" classname="App.Card.CardHandTest" file="/Users/oliverroosvall/dbwebb-kurser/mvc/me/report/tests/Card/CardHandTest.php" line="111" assertions="2" time="0.005001"/>
        <testcase name="testCreateFromJson" class="App\Card\CardHandTest" classname="App.Card.CardHandTest" file="/Users/oliverroosvall/dbwebb-kurser/mvc/me/report/tests/Card/CardHandTest.php" line="135" assertions="2" time="0.004606"/>
      </testsuite>
      <testsuite name="App\Card\CardTest" file="/Users/oliverroosvall/dbwebb-kurser/mvc/me/report/tests/Card/CardTest.php" tests="3" assertions="11" errors="0" warnings="0" failures="0" skipped="0" time="0.002497">
        <testcase name="testCreateCard" class="App\Card\CardTest" classname="App.Card.CardTest" file="/Users/oliverroosvall/dbwebb-kurser/mvc/me/report/tests/Card/CardTest.php" line="16" assertions="2" time="0.000244"/>
        <testcase name="testCreateCardWithArgument" class="App\Card\CardTest" classname="App.Card.CardTest" file="/Users/oliverroosvall/dbwebb-kurser/mvc/me/report/tests/Card/CardTest.php" line="25" assertions="2" time="0.000217"/>
        <testcase name="testPickCard" class="App\Card\CardTest" classname="App.Card.CardTest" file="/Users/oliverroosvall/dbwebb-kurser/mvc/me/report/tests/Card/CardTest.php" line="34" assertions="7" time="0.002036"/>
      </testsuite>
      <testsuite name="App\Card\CardTraitTest" file="/Users/oliverroosvall/dbwebb-kurser/mvc/me/report/tests/Card/CardTraitTest.php" tests="1" assertions="1" errors="0" warnings="0" failures="0" skipped="0" time="0.000252">
        <testcase name="testJsonFormatContainer" class="App\Card\CardTraitTest" classname="App.Card.CardTraitTest" file="/Users/oliverroosvall/dbwebb-kurser/mvc/me/report/tests/Card/CardTraitTest.php" line="15" assertions="1" time="0.000252"/>
      </testsuite>
      <testsuite name="App\Card\DeckOfCardsTest" file="/Users/oliverroosvall/dbwebb-kurser/mvc/me/report/tests/Card/DeckOfCardsTest.php" tests="10" assertions="22" errors="0" warnings="0" failures="0" skipped="0" time="0.010706">
        <testcase name="testCreateDeck" class="App\Card\DeckOfCardsTest" classname="App.Card.DeckOfCardsTest" file="/Users/oliverroosvall/dbwebb-kurser/mvc/me/report/tests/Card/DeckOfCardsTest.php" line="17" assertions="1" time="0.000365"/>
        <testcase name="testCreateDeckWithArgument" class="App\Card\DeckOfCardsTest" classname="App.Card.DeckOfCardsTest" file="/Users/oliverroosvall/dbwebb-kurser/mvc/me/report/tests/Card/DeckOfCardsTest.php" line="23" assertions="1" time="0.000316"/>
        <testcase name="testAddCard" class="App\Card\DeckOfCardsTest" classname="App.Card.DeckOfCardsTest" file="/Users/oliverroosvall/dbwebb-kurser/mvc/me/report/tests/Card/DeckOfCardsTest.php" line="32" assertions="2" time="0.000271"/>
        <testcase name="testCardsLeft" class="App\Card\DeckOfCardsTest" classname="App.Card.DeckOfCardsTest" file="/Users/oliverroosvall/dbwebb-kurser/mvc/me/report/tests/Card/DeckOfCardsTest.php" line="52" assertions="1" time="0.000238"/>
        <testcase name="testRemainingCards" class="App\Card\DeckOfCardsTest" classname="App.Card.DeckOfCardsTest" file="/Users/oliverroosvall/dbwebb-kurser/mvc/me/report/tests/Card/DeckOfCardsTest.php" line="62" assertions="1" time="0.000265"/>
        <testcase name="testSortedAndShuffled" class="App\Card\DeckOfCardsTest" classname="App.Card.DeckOfCardsTest" file="/Users/oliverroosvall/dbwebb-kurser/mvc/me/report/tests/Card/DeckOfCardsTest.php" line="88" assertions="9" time="0.001881"/>
        <testcase name="testJsonShuffledDeck" class="App\Card\DeckOfCardsTest" classname="App.Card.DeckOfCardsTest" file="/Users/oliverroosvall/dbwebb-kurser/mvc/me/report/tests/Card/DeckOfCardsTest.php" line="116" assertions="1" time="0.001849"/>
        <testcase name="testJsonRaw" class="App\Card\DeckOfCardsTest" classname="App.Card.DeckOfCardsTest" file="/Users/oliverroosvall/dbwebb-kurser/mvc/me/report/tests/Card/DeckOfCardsTest.php" line="124" assertions="1" time="0.000460"/>
        <testcase name="testJsonDeckPretty" class="App\Card\DeckOfCardsTest" classname="App.Card.DeckOfCardsTest" file="/Users/oliverroosvall/dbwebb-kurser/mvc/me/report/tests/Card/DeckOfCardsTest.php" line="131" assertions="3" time="0.000466"/>
        <testcase name="testCreateFromJson" class="App\Card\DeckOfCardsTest" classname="App.Card.DeckOfCardsTest" file="/Users/oliverroosvall/dbwebb-kurser/mvc/me/report/tests/Card/DeckOfCardsTest.php" line="144" assertions="2" time="0.004594"/>
      </testsuite>
      <testsuite name="App\Dice\DiceGraphicTest" file="/Users/oliverroosvall/dbwebb-kurser/mvc/me/report/tests/Dice/DiceGraphicTest.php" tests="2" assertions="4" errors="0" warnings="0" failures="0" skipped="0" time="0.001104">
        <testcase name="testCreateDiceGraphic" class="App\Dice\DiceGraphicTest" classname="App.Dice.DiceGraphicTest" file="/Users/oliverroosvall/dbwebb-kurser/mvc/me/report/tests/Dice/DiceGraphicTest.php" line="16" assertions="2" time="0.000848"/>
        <testcase name="testGetDiceGraphicAsString" class="App\Dice\DiceGraphicTest" classname="App.Dice.DiceGraphicTest" file="/Users/oliverroosvall/dbwebb-kurser/mvc/me/report/tests/Dice/DiceGraphicTest.php" line="27" assertions="2" time="0.000256"/>
      </testsuite>
      <testsuite name="App\Dice\DiceHandTest" file="/Users/oliverroosvall/dbwebb-kurser/mvc/me/report/tests/Dice/DiceHandTest.php" tests="4" assertions="4" errors="0" warnings="0" failures="0" skipped="0" time="0.002042">
        <testcase name="testAddStubbedDices" class="App\Dice\DiceHandTest" classname="App.Dice.DiceHandTest" file="/Users/oliverroosvall/dbwebb-kurser/mvc/me/report/tests/Dice/DiceHandTest.php" line="15" assertions="1" time="0.000947"/>
        <testcase name="testGetNumberDices" class="App\Dice\DiceHandTest" classname="App.Dice.DiceHandTest" file="/Users/oliverroosvall/dbwebb-kurser/mvc/me/report/tests/Dice/DiceHandTest.php" line="34" assertions="1" time="0.000363"/>
        <testcase name="testGetValues" class="App\Dice\DiceHandTest" classname="App.Dice.DiceHandTest" file="/Users/oliverroosvall/dbwebb-kurser/mvc/me/report/tests/Dice/DiceHandTest.php" line="51" assertions="1" time="0.000366"/>
        <testcase name="testGetString" class="App\Dice\DiceHandTest" classname="App.Dice.DiceHandTest" file="/Users/oliverroosvall/dbwebb-kurser/mvc/me/report/tests/Dice/DiceHandTest.php" line="71" assertions="1" time="0.000365"/>
      </testsuite>
      <testsuite name="App\Dice\DiceTest" file="/Users/oliverroosvall/dbwebb-kurser/mvc/me/report/tests/Dice/DiceTest.php" tests="4" assertions="12" errors="0" warnings="0" failures="0" skipped="0" time="0.001349">
        <testcase name="testCreateDice" class="App\Dice\DiceTest" classname="App.Dice.DiceTest" file="/Users/oliverroosvall/dbwebb-kurser/mvc/me/report/tests/Dice/DiceTest.php" line="16" assertions="2" time="0.000232"/>
        <testcase name="testStubRollDiceLastRoll" class="App\Dice\DiceTest" classname="App.Dice.DiceTest" file="/Users/oliverroosvall/dbwebb-kurser/mvc/me/report/tests/Dice/DiceTest.php" line="28" assertions="1" time="0.000309"/>
        <testcase name="testRoll" class="App\Dice\DiceTest" classname="App.Dice.DiceTest" file="/Users/oliverroosvall/dbwebb-kurser/mvc/me/report/tests/Dice/DiceTest.php" line="46" assertions="5" time="0.000328"/>
        <testcase name="testGetValue" class="App\Dice\DiceTest" classname="App.Dice.DiceTest" file="/Users/oliverroosvall/dbwebb-kurser/mvc/me/report/tests/Dice/DiceTest.php" line="71" assertions="4" time="0.000479"/>
      </testsuite>
    </testsuite>
  </testsuite>
</testsuites>
