<?xml version="1.0" encoding="UTF-8"?>
<testsuites>
  <testsuite name="" tests="73" assertions="142" errors="0" warnings="0" failures="0" skipped="0" time="0.088868">
    <testsuite name="Project Test Suite" tests="73" assertions="142" errors="0" warnings="0" failures="0" skipped="0" time="0.088868">
      <testsuite name="App\BlackJack\BlackJackTest" file="/Users/oliverroosvall/dbwebb-kurser/mvc/me/report/tests/BlackJack/BlackJackTest.php" tests="11" assertions="17" errors="0" warnings="0" failures="0" skipped="0" time="0.024932">
        <testcase name="testCreateBlackJack" class="App\BlackJack\BlackJackTest" classname="App.BlackJack.BlackJackTest" file="/Users/oliverroosvall/dbwebb-kurser/mvc/me/report/tests/BlackJack/BlackJackTest.php" line="19" assertions="2" time="0.008223"/>
        <testcase name="testHitMe" class="App\BlackJack\BlackJackTest" classname="App.BlackJack.BlackJackTest" file="/Users/oliverroosvall/dbwebb-kurser/mvc/me/report/tests/BlackJack/BlackJackTest.php" line="31" assertions="1" time="0.000417"/>
        <testcase name="testShuffle" class="App\BlackJack\BlackJackTest" classname="App.BlackJack.BlackJackTest" file="/Users/oliverroosvall/dbwebb-kurser/mvc/me/report/tests/BlackJack/BlackJackTest.php" line="37" assertions="1" time="0.000770"/>
        <testcase name="testGetDeck" class="App\BlackJack\BlackJackTest" classname="App.BlackJack.BlackJackTest" file="/Users/oliverroosvall/dbwebb-kurser/mvc/me/report/tests/BlackJack/BlackJackTest.php" line="54" assertions="2" time="0.000348"/>
        <testcase name="testGetPlayerHand" class="App\BlackJack\BlackJackTest" classname="App.BlackJack.BlackJackTest" file="/Users/oliverroosvall/dbwebb-kurser/mvc/me/report/tests/BlackJack/BlackJackTest.php" line="63" assertions="3" time="0.000360"/>
        <testcase name="testPlayerResult" class="App\BlackJack\BlackJackTest" classname="App.BlackJack.BlackJackTest" file="/Users/oliverroosvall/dbwebb-kurser/mvc/me/report/tests/BlackJack/BlackJackTest.php" line="76" assertions="2" time="0.011668"/>
        <testcase name="testBusted" class="App\BlackJack\BlackJackTest" classname="App.BlackJack.BlackJackTest" file="/Users/oliverroosvall/dbwebb-kurser/mvc/me/report/tests/BlackJack/BlackJackTest.php" line="103" assertions="1" time="0.000540"/>
        <testcase name="testDrawDealerCards" class="App\BlackJack\BlackJackTest" classname="App.BlackJack.BlackJackTest" file="/Users/oliverroosvall/dbwebb-kurser/mvc/me/report/tests/BlackJack/BlackJackTest.php" line="121" assertions="1" time="0.000661"/>
        <testcase name="testGetWinner" class="App\BlackJack\BlackJackTest" classname="App.BlackJack.BlackJackTest" file="/Users/oliverroosvall/dbwebb-kurser/mvc/me/report/tests/BlackJack/BlackJackTest.php" line="128" assertions="2" time="0.000794"/>
        <testcase name="testCreateFromJson" class="App\BlackJack\BlackJackTest" classname="App.BlackJack.BlackJackTest" file="/Users/oliverroosvall/dbwebb-kurser/mvc/me/report/tests/BlackJack/BlackJackTest.php" line="162" assertions="1" time="0.000631"/>
        <testcase name="testExportToJson" class="App\BlackJack\BlackJackTest" classname="App.BlackJack.BlackJackTest" file="/Users/oliverroosvall/dbwebb-kurser/mvc/me/report/tests/BlackJack/BlackJackTest.php" line="174" assertions="1" time="0.000520"/>
      </testsuite>
      <testsuite name="App\Card\CardGraphicTest" file="/Users/oliverroosvall/dbwebb-kurser/mvc/me/report/tests/Card/CardGraphicTest.php" tests="4" assertions="22" errors="0" warnings="0" failures="0" skipped="0" time="0.001901">
        <testcase name="testCreateCardGraphic" class="App\Card\CardGraphicTest" classname="App.Card.CardGraphicTest" file="/Users/oliverroosvall/dbwebb-kurser/mvc/me/report/tests/Card/CardGraphicTest.php" line="16" assertions="2" time="0.000668"/>
        <testcase name="testGetRaw" class="App\Card\CardGraphicTest" classname="App.Card.CardGraphicTest" file="/Users/oliverroosvall/dbwebb-kurser/mvc/me/report/tests/Card/CardGraphicTest.php" line="25" assertions="2" time="0.000543"/>
        <testcase name="testSuits" class="App\Card\CardGraphicTest" classname="App.Card.CardGraphicTest" file="/Users/oliverroosvall/dbwebb-kurser/mvc/me/report/tests/Card/CardGraphicTest.php" line="34" assertions="5" time="0.000387"/>
        <testcase name="testGetAsText" class="App\Card\CardGraphicTest" classname="App.Card.CardGraphicTest" file="/Users/oliverroosvall/dbwebb-kurser/mvc/me/report/tests/Card/CardGraphicTest.php" line="50" assertions="13" time="0.000302"/>
      </testsuite>
      <testsuite name="App\Card\CardHandTest" file="/Users/oliverroosvall/dbwebb-kurser/mvc/me/report/tests/Card/CardHandTest.php" tests="10" assertions="13" errors="0" warnings="0" failures="0" skipped="0" time="0.012084">
        <testcase name="testCreateCardHandWithArgument" class="App\Card\CardHandTest" classname="App.Card.CardHandTest" file="/Users/oliverroosvall/dbwebb-kurser/mvc/me/report/tests/Card/CardHandTest.php" line="17" assertions="1" time="0.000324"/>
        <testcase name="testAddCard" class="App\Card\CardHandTest" classname="App.Card.CardHandTest" file="/Users/oliverroosvall/dbwebb-kurser/mvc/me/report/tests/Card/CardHandTest.php" line="27" assertions="1" time="0.000240"/>
        <testcase name="testDrawCard" class="App\Card\CardHandTest" classname="App.Card.CardHandTest" file="/Users/oliverroosvall/dbwebb-kurser/mvc/me/report/tests/Card/CardHandTest.php" line="39" assertions="2" time="0.000253"/>
        <testcase name="testGetNumberCards" class="App\Card\CardHandTest" classname="App.Card.CardHandTest" file="/Users/oliverroosvall/dbwebb-kurser/mvc/me/report/tests/Card/CardHandTest.php" line="56" assertions="1" time="0.000238"/>
        <testcase name="testGetHand" class="App\Card\CardHandTest" classname="App.Card.CardHandTest" file="/Users/oliverroosvall/dbwebb-kurser/mvc/me/report/tests/Card/CardHandTest.php" line="70" assertions="1" time="0.000276"/>
        <testcase name="testGetHandSum" class="App\Card\CardHandTest" classname="App.Card.CardHandTest" file="/Users/oliverroosvall/dbwebb-kurser/mvc/me/report/tests/Card/CardHandTest.php" line="79" assertions="1" time="0.000294"/>
        <testcase name="testGetHandAsJsonWithCards" class="App\Card\CardHandTest" classname="App.Card.CardHandTest" file="/Users/oliverroosvall/dbwebb-kurser/mvc/me/report/tests/Card/CardHandTest.php" line="95" assertions="1" time="0.000272"/>
        <testcase name="testGetHandAsJsonWithEmptyHand" class="App\Card\CardHandTest" classname="App.Card.CardHandTest" file="/Users/oliverroosvall/dbwebb-kurser/mvc/me/report/tests/Card/CardHandTest.php" line="105" assertions="1" time="0.000288"/>
        <testcase name="testLoadFromJson" class="App\Card\CardHandTest" classname="App.Card.CardHandTest" file="/Users/oliverroosvall/dbwebb-kurser/mvc/me/report/tests/Card/CardHandTest.php" line="111" assertions="2" time="0.005228"/>
        <testcase name="testCreateFromJson" class="App\Card\CardHandTest" classname="App.Card.CardHandTest" file="/Users/oliverroosvall/dbwebb-kurser/mvc/me/report/tests/Card/CardHandTest.php" line="135" assertions="2" time="0.004670"/>
      </testsuite>
      <testsuite name="App\Card\CardTest" file="/Users/oliverroosvall/dbwebb-kurser/mvc/me/report/tests/Card/CardTest.php" tests="3" assertions="11" errors="0" warnings="0" failures="0" skipped="0" time="0.002431">
        <testcase name="testCreateCard" class="App\Card\CardTest" classname="App.Card.CardTest" file="/Users/oliverroosvall/dbwebb-kurser/mvc/me/report/tests/Card/CardTest.php" line="16" assertions="2" time="0.000237"/>
        <testcase name="testCreateCardWithArgument" class="App\Card\CardTest" classname="App.Card.CardTest" file="/Users/oliverroosvall/dbwebb-kurser/mvc/me/report/tests/Card/CardTest.php" line="25" assertions="2" time="0.000239"/>
        <testcase name="testPickCard" class="App\Card\CardTest" classname="App.Card.CardTest" file="/Users/oliverroosvall/dbwebb-kurser/mvc/me/report/tests/Card/CardTest.php" line="34" assertions="7" time="0.001955"/>
      </testsuite>
      <testsuite name="App\Card\CardTraitTest" file="/Users/oliverroosvall/dbwebb-kurser/mvc/me/report/tests/Card/CardTraitTest.php" tests="1" assertions="1" errors="0" warnings="0" failures="0" skipped="0" time="0.000250">
        <testcase name="testJsonFormatContainer" class="App\Card\CardTraitTest" classname="App.Card.CardTraitTest" file="/Users/oliverroosvall/dbwebb-kurser/mvc/me/report/tests/Card/CardTraitTest.php" line="15" assertions="1" time="0.000250"/>
      </testsuite>
      <testsuite name="App\Card\DeckOfCardsTest" file="/Users/oliverroosvall/dbwebb-kurser/mvc/me/report/tests/Card/DeckOfCardsTest.php" tests="10" assertions="22" errors="0" warnings="0" failures="0" skipped="0" time="0.011263">
        <testcase name="testCreateDeck" class="App\Card\DeckOfCardsTest" classname="App.Card.DeckOfCardsTest" file="/Users/oliverroosvall/dbwebb-kurser/mvc/me/report/tests/Card/DeckOfCardsTest.php" line="17" assertions="1" time="0.000349"/>
        <testcase name="testCreateDeckWithArgument" class="App\Card\DeckOfCardsTest" classname="App.Card.DeckOfCardsTest" file="/Users/oliverroosvall/dbwebb-kurser/mvc/me/report/tests/Card/DeckOfCardsTest.php" line="23" assertions="1" time="0.000382"/>
        <testcase name="testAddCard" class="App\Card\DeckOfCardsTest" classname="App.Card.DeckOfCardsTest" file="/Users/oliverroosvall/dbwebb-kurser/mvc/me/report/tests/Card/DeckOfCardsTest.php" line="32" assertions="2" time="0.000267"/>
        <testcase name="testCardsLeft" class="App\Card\DeckOfCardsTest" classname="App.Card.DeckOfCardsTest" file="/Users/oliverroosvall/dbwebb-kurser/mvc/me/report/tests/Card/DeckOfCardsTest.php" line="52" assertions="1" time="0.000233"/>
        <testcase name="testRemainingCards" class="App\Card\DeckOfCardsTest" classname="App.Card.DeckOfCardsTest" file="/Users/oliverroosvall/dbwebb-kurser/mvc/me/report/tests/Card/DeckOfCardsTest.php" line="62" assertions="1" time="0.000279"/>
        <testcase name="testSortedAndShuffled" class="App\Card\DeckOfCardsTest" classname="App.Card.DeckOfCardsTest" file="/Users/oliverroosvall/dbwebb-kurser/mvc/me/report/tests/Card/DeckOfCardsTest.php" line="88" assertions="9" time="0.001813"/>
        <testcase name="testJsonShuffledDeck" class="App\Card\DeckOfCardsTest" classname="App.Card.DeckOfCardsTest" file="/Users/oliverroosvall/dbwebb-kurser/mvc/me/report/tests/Card/DeckOfCardsTest.php" line="116" assertions="1" time="0.002319"/>
        <testcase name="testJsonRaw" class="App\Card\DeckOfCardsTest" classname="App.Card.DeckOfCardsTest" file="/Users/oliverroosvall/dbwebb-kurser/mvc/me/report/tests/Card/DeckOfCardsTest.php" line="124" assertions="1" time="0.000437"/>
        <testcase name="testJsonDeckPretty" class="App\Card\DeckOfCardsTest" classname="App.Card.DeckOfCardsTest" file="/Users/oliverroosvall/dbwebb-kurser/mvc/me/report/tests/Card/DeckOfCardsTest.php" line="131" assertions="3" time="0.000454"/>
        <testcase name="testCreateFromJson" class="App\Card\DeckOfCardsTest" classname="App.Card.DeckOfCardsTest" file="/Users/oliverroosvall/dbwebb-kurser/mvc/me/report/tests/Card/DeckOfCardsTest.php" line="144" assertions="2" time="0.004730"/>
      </testsuite>
      <testsuite name="App\Dice\DiceGraphicTest" file="/Users/oliverroosvall/dbwebb-kurser/mvc/me/report/tests/Dice/DiceGraphicTest.php" tests="2" assertions="4" errors="0" warnings="0" failures="0" skipped="0" time="0.002716">
        <testcase name="testCreateDiceGraphic" class="App\Dice\DiceGraphicTest" classname="App.Dice.DiceGraphicTest" file="/Users/oliverroosvall/dbwebb-kurser/mvc/me/report/tests/Dice/DiceGraphicTest.php" line="16" assertions="2" time="0.002404"/>
        <testcase name="testGetDiceGraphicAsString" class="App\Dice\DiceGraphicTest" classname="App.Dice.DiceGraphicTest" file="/Users/oliverroosvall/dbwebb-kurser/mvc/me/report/tests/Dice/DiceGraphicTest.php" line="27" assertions="2" time="0.000311"/>
      </testsuite>
      <testsuite name="App\Dice\DiceHandTest" file="/Users/oliverroosvall/dbwebb-kurser/mvc/me/report/tests/Dice/DiceHandTest.php" tests="4" assertions="4" errors="0" warnings="0" failures="0" skipped="0" time="0.002913">
        <testcase name="testAddStubbedDices" class="App\Dice\DiceHandTest" classname="App.Dice.DiceHandTest" file="/Users/oliverroosvall/dbwebb-kurser/mvc/me/report/tests/Dice/DiceHandTest.php" line="15" assertions="1" time="0.001657"/>
        <testcase name="testGetNumberDices" class="App\Dice\DiceHandTest" classname="App.Dice.DiceHandTest" file="/Users/oliverroosvall/dbwebb-kurser/mvc/me/report/tests/Dice/DiceHandTest.php" line="34" assertions="1" time="0.000452"/>
        <testcase name="testGetValues" class="App\Dice\DiceHandTest" classname="App.Dice.DiceHandTest" file="/Users/oliverroosvall/dbwebb-kurser/mvc/me/report/tests/Dice/DiceHandTest.php" line="51" assertions="1" time="0.000370"/>
        <testcase name="testGetString" class="App\Dice\DiceHandTest" classname="App.Dice.DiceHandTest" file="/Users/oliverroosvall/dbwebb-kurser/mvc/me/report/tests/Dice/DiceHandTest.php" line="71" assertions="1" time="0.000434"/>
      </testsuite>
      <testsuite name="App\Dice\DiceTest" file="/Users/oliverroosvall/dbwebb-kurser/mvc/me/report/tests/Dice/DiceTest.php" tests="4" assertions="16" errors="0" warnings="0" failures="0" skipped="0" time="0.001582">
        <testcase name="testCreateDice" class="App\Dice\DiceTest" classname="App.Dice.DiceTest" file="/Users/oliverroosvall/dbwebb-kurser/mvc/me/report/tests/Dice/DiceTest.php" line="16" assertions="2" time="0.000249"/>
        <testcase name="testStubRollDiceLastRoll" class="App\Dice\DiceTest" classname="App.Dice.DiceTest" file="/Users/oliverroosvall/dbwebb-kurser/mvc/me/report/tests/Dice/DiceTest.php" line="28" assertions="1" time="0.000414"/>
        <testcase name="testRoll" class="App\Dice\DiceTest" classname="App.Dice.DiceTest" file="/Users/oliverroosvall/dbwebb-kurser/mvc/me/report/tests/Dice/DiceTest.php" line="46" assertions="9" time="0.000468"/>
        <testcase name="testGetValue" class="App\Dice\DiceTest" classname="App.Dice.DiceTest" file="/Users/oliverroosvall/dbwebb-kurser/mvc/me/report/tests/Dice/DiceTest.php" line="71" assertions="4" time="0.000450"/>
      </testsuite>
      <testsuite name="BookTest" file="/Users/oliverroosvall/dbwebb-kurser/mvc/me/report/tests/Entity/BookTest.php" tests="2" assertions="5" errors="0" warnings="0" failures="0" skipped="0" time="0.001374">
        <testcase name="testGettersAndSetters" class="BookTest" classname="BookTest" file="/Users/oliverroosvall/dbwebb-kurser/mvc/me/report/tests/Entity/BookTest.php" line="8" assertions="4" time="0.001139"/>
        <testcase name="testId" class="BookTest" classname="BookTest" file="/Users/oliverroosvall/dbwebb-kurser/mvc/me/report/tests/Entity/BookTest.php" line="29" assertions="1" time="0.000235"/>
      </testsuite>
      <testsuite name="ForestryTest" file="/Users/oliverroosvall/dbwebb-kurser/mvc/me/report/tests/Entity/ForestryTest.php" tests="6" assertions="7" errors="0" warnings="0" failures="0" skipped="0" time="0.005775">
        <testcase name="testGetAndSetYear" class="ForestryTest" classname="ForestryTest" file="/Users/oliverroosvall/dbwebb-kurser/mvc/me/report/tests/Entity/ForestryTest.php" line="8" assertions="1" time="0.000945"/>
        <testcase name="testGetAndSetHansynskravandeBiotoper" class="ForestryTest" classname="ForestryTest" file="/Users/oliverroosvall/dbwebb-kurser/mvc/me/report/tests/Entity/ForestryTest.php" line="17" assertions="1" time="0.003719"/>
        <testcase name="testGetAndSetSkyddszoner" class="ForestryTest" classname="ForestryTest" file="/Users/oliverroosvall/dbwebb-kurser/mvc/me/report/tests/Entity/ForestryTest.php" line="26" assertions="1" time="0.000367"/>
        <testcase name="testGetAndSetUpplevelsevarden" class="ForestryTest" classname="ForestryTest" file="/Users/oliverroosvall/dbwebb-kurser/mvc/me/report/tests/Entity/ForestryTest.php" line="35" assertions="1" time="0.000242"/>
        <testcase name="testGetAndSetTransportOverVattendrag" class="ForestryTest" classname="ForestryTest" file="/Users/oliverroosvall/dbwebb-kurser/mvc/me/report/tests/Entity/ForestryTest.php" line="44" assertions="1" time="0.000277"/>
        <testcase name="testGetAndSetKulturmiljoer" class="ForestryTest" classname="ForestryTest" file="/Users/oliverroosvall/dbwebb-kurser/mvc/me/report/tests/Entity/ForestryTest.php" line="53" assertions="2" time="0.000226"/>
      </testsuite>
      <testsuite name="LibraryTest" file="/Users/oliverroosvall/dbwebb-kurser/mvc/me/report/tests/Entity/LibraryTest.php" tests="2" assertions="6" errors="0" warnings="0" failures="0" skipped="0" time="0.001923">
        <testcase name="testGettersAndSetters" class="LibraryTest" classname="LibraryTest" file="/Users/oliverroosvall/dbwebb-kurser/mvc/me/report/tests/Entity/LibraryTest.php" line="8" assertions="5" time="0.001609"/>
        <testcase name="testId" class="LibraryTest" classname="LibraryTest" file="/Users/oliverroosvall/dbwebb-kurser/mvc/me/report/tests/Entity/LibraryTest.php" line="34" assertions="1" time="0.000314"/>
      </testsuite>
      <testsuite name="ProductTest" file="/Users/oliverroosvall/dbwebb-kurser/mvc/me/report/tests/Entity/ProductTest.php" tests="3" assertions="3" errors="0" warnings="0" failures="0" skipped="0" time="0.001873">
        <testcase name="testGetAndSetName" class="ProductTest" classname="ProductTest" file="/Users/oliverroosvall/dbwebb-kurser/mvc/me/report/tests/Entity/ProductTest.php" line="8" assertions="1" time="0.001247"/>
        <testcase name="testGetAndSetValue" class="ProductTest" classname="ProductTest" file="/Users/oliverroosvall/dbwebb-kurser/mvc/me/report/tests/Entity/ProductTest.php" line="17" assertions="1" time="0.000394"/>
        <testcase name="testGetId" class="ProductTest" classname="ProductTest" file="/Users/oliverroosvall/dbwebb-kurser/mvc/me/report/tests/Entity/ProductTest.php" line="26" assertions="1" time="0.000231"/>
      </testsuite>
      <testsuite name="RedlistedTest" file="/Users/oliverroosvall/dbwebb-kurser/mvc/me/report/tests/Entity/RedlistedTest.php" tests="9" assertions="9" errors="0" warnings="0" failures="0" skipped="0" time="0.003239">
        <testcase name="testGetAndSetYear" class="RedlistedTest" classname="RedlistedTest" file="/Users/oliverroosvall/dbwebb-kurser/mvc/me/report/tests/Entity/RedlistedTest.php" line="8" assertions="1" time="0.001121"/>
        <testcase name="testGetAndSetFiskar" class="RedlistedTest" classname="RedlistedTest" file="/Users/oliverroosvall/dbwebb-kurser/mvc/me/report/tests/Entity/RedlistedTest.php" line="17" assertions="1" time="0.000295"/>
        <testcase name="testGetAndSetKarlvaxter" class="RedlistedTest" classname="RedlistedTest" file="/Users/oliverroosvall/dbwebb-kurser/mvc/me/report/tests/Entity/RedlistedTest.php" line="26" assertions="1" time="0.000221"/>
        <testcase name="testGetAndSetStorfjarilar" class="RedlistedTest" classname="RedlistedTest" file="/Users/oliverroosvall/dbwebb-kurser/mvc/me/report/tests/Entity/RedlistedTest.php" line="35" assertions="1" time="0.000207"/>
        <testcase name="testGetAndSetGrodOchKraldjur" class="RedlistedTest" classname="RedlistedTest" file="/Users/oliverroosvall/dbwebb-kurser/mvc/me/report/tests/Entity/RedlistedTest.php" line="44" assertions="1" time="0.000207"/>
        <testcase name="testGetAndSetBin" class="RedlistedTest" classname="RedlistedTest" file="/Users/oliverroosvall/dbwebb-kurser/mvc/me/report/tests/Entity/RedlistedTest.php" line="53" assertions="1" time="0.000326"/>
        <testcase name="testGetAndSetMossor" class="RedlistedTest" classname="RedlistedTest" file="/Users/oliverroosvall/dbwebb-kurser/mvc/me/report/tests/Entity/RedlistedTest.php" line="62" assertions="1" time="0.000244"/>
        <testcase name="testGetAndSetFaglar" class="RedlistedTest" classname="RedlistedTest" file="/Users/oliverroosvall/dbwebb-kurser/mvc/me/report/tests/Entity/RedlistedTest.php" line="71" assertions="1" time="0.000365"/>
        <testcase name="testGetAndSetDaggdjur" class="RedlistedTest" classname="RedlistedTest" file="/Users/oliverroosvall/dbwebb-kurser/mvc/me/report/tests/Entity/RedlistedTest.php" line="80" assertions="1" time="0.000254"/>
      </testsuite>
      <testsuite name="BookRepositoryTest" file="/Users/oliverroosvall/dbwebb-kurser/mvc/me/report/tests/Repository/BookRepositoryTest.php" tests="1" assertions="1" errors="0" warnings="0" failures="0" skipped="0" time="0.013618">
        <testcase name="testConstruct" class="BookRepositoryTest" classname="BookRepositoryTest" file="/Users/oliverroosvall/dbwebb-kurser/mvc/me/report/tests/Repository/BookRepositoryTest.php" line="29" assertions="1" time="0.013618"/>
      </testsuite>
      <testsuite name="LibraryRepositoryTest" file="/Users/oliverroosvall/dbwebb-kurser/mvc/me/report/tests/Repository/LibraryRepositoryTest.php" tests="1" assertions="1" errors="0" warnings="0" failures="0" skipped="0" time="0.000996">
        <testcase name="testConstruct" class="LibraryRepositoryTest" classname="LibraryRepositoryTest" file="/Users/oliverroosvall/dbwebb-kurser/mvc/me/report/tests/Repository/LibraryRepositoryTest.php" line="21" assertions="1" time="0.000996"/>
      </testsuite>
    </testsuite>
  </testsuite>
</testsuites>
